1749340078.504890 client started (38779): version 3.4, socket /private/tmp/tmux-501/default, protocol 8
1749340078.504966 on Darwin 23.4.0 Darwin Kernel Version 23.4.0: Fri Mar 15 00:10:42 PDT 2024; root:xnu-10063.101.17~1/RELEASE_ARM64_T6000
1749340078.504983 using libevent 2.1.12-stable select
1749340078.504995 using utf8proc 2.9.0
1749340078.505004 using ncurses 6.5 20240427
1749340078.505032 flags are 0x10010000
1749340078.505040 socket is /private/tmp/tmux-501/default
1749340078.505055 trying connect
1749340078.505132 add peer 0x138008000: 6 (0x0)
1749340078.507279 sending message 100 to peer 0x138008000 (4 bytes)
1749340078.507294 sending message 111 to peer 0x138008000 (8 bytes)
1749340078.507305 sending message 101 to peer 0x138008000 (16 bytes)
1749340078.507314 sending message 109 to peer 0x138008000 (4 bytes)
1749340078.507323 sending message 102 to peer 0x138008000 (13 bytes)
1749340078.507331 sending message 108 to peer 0x138008000 (49 bytes)
1749340078.507337 sending message 112 to peer 0x138008000 (70 bytes)
1749340078.507343 sending message 112 to peer 0x138008000 (5 bytes)
1749340078.507350 sending message 112 to peer 0x138008000 (5 bytes)
1749340078.507356 sending message 112 to peer 0x138008000 (6 bytes)
1749340078.507362 sending message 112 to peer 0x138008000 (6 bytes)
1749340078.507368 sending message 112 to peer 0x138008000 (11 bytes)
1749340078.507374 sending message 112 to peer 0x138008000 (10 bytes)
1749340078.507380 sending message 112 to peer 0x138008000 (13 bytes)
1749340078.507386 sending message 112 to peer 0x138008000 (13 bytes)
1749340078.507392 sending message 112 to peer 0x138008000 (18 bytes)
1749340078.507398 sending message 112 to peer 0x138008000 (11 bytes)
1749340078.507404 sending message 112 to peer 0x138008000 (21 bytes)
1749340078.507410 sending message 112 to peer 0x138008000 (13 bytes)
1749340078.507416 sending message 112 to peer 0x138008000 (7 bytes)
1749340078.507422 sending message 112 to peer 0x138008000 (13 bytes)
1749340078.507429 sending message 112 to peer 0x138008000 (7 bytes)
1749340078.507435 sending message 112 to peer 0x138008000 (13 bytes)
1749340078.507441 sending message 112 to peer 0x138008000 (9 bytes)
1749340078.507447 sending message 112 to peer 0x138008000 (21 bytes)
1749340078.507453 sending message 112 to peer 0x138008000 (13 bytes)
1749340078.507458 sending message 112 to peer 0x138008000 (8 bytes)
1749340078.507464 sending message 112 to peer 0x138008000 (12 bytes)
1749340078.507470 sending message 112 to peer 0x138008000 (13 bytes)
1749340078.507476 sending message 112 to peer 0x138008000 (9 bytes)
1749340078.507482 sending message 112 to peer 0x138008000 (9 bytes)
1749340078.507488 sending message 112 to peer 0x138008000 (12 bytes)
1749340078.507494 sending message 112 to peer 0x138008000 (8 bytes)
1749340078.507499 sending message 112 to peer 0x138008000 (7 bytes)
1749340078.507505 sending message 112 to peer 0x138008000 (7 bytes)
1749340078.507511 sending message 112 to peer 0x138008000 (9 bytes)
1749340078.507517 sending message 112 to peer 0x138008000 (13 bytes)
1749340078.507523 sending message 112 to peer 0x138008000 (9 bytes)
1749340078.507529 sending message 112 to peer 0x138008000 (13 bytes)
1749340078.507535 sending message 112 to peer 0x138008000 (12 bytes)
1749340078.507540 sending message 112 to peer 0x138008000 (8 bytes)
1749340078.507546 sending message 112 to peer 0x138008000 (9 bytes)
1749340078.507552 sending message 112 to peer 0x138008000 (10 bytes)
1749340078.507558 sending message 112 to peer 0x138008000 (10 bytes)
1749340078.507564 sending message 112 to peer 0x138008000 (10 bytes)
1749340078.507570 sending message 112 to peer 0x138008000 (10 bytes)
1749340078.507575 sending message 112 to peer 0x138008000 (11 bytes)
1749340078.507582 sending message 112 to peer 0x138008000 (10 bytes)
1749340078.507588 sending message 112 to peer 0x138008000 (8 bytes)
1749340078.507595 sending message 112 to peer 0x138008000 (11 bytes)
1749340078.507606 sending message 112 to peer 0x138008000 (11 bytes)
1749340078.507613 sending message 112 to peer 0x138008000 (11 bytes)
1749340078.507630 sending message 112 to peer 0x138008000 (8 bytes)
1749340078.507635 sending message 112 to peer 0x138008000 (8 bytes)
1749340078.507639 sending message 112 to peer 0x138008000 (8 bytes)
1749340078.507644 sending message 112 to peer 0x138008000 (10 bytes)
1749340078.507648 sending message 112 to peer 0x138008000 (10 bytes)
1749340078.507652 sending message 112 to peer 0x138008000 (10 bytes)
1749340078.507656 sending message 112 to peer 0x138008000 (10 bytes)
1749340078.507660 sending message 112 to peer 0x138008000 (10 bytes)
1749340078.507665 sending message 112 to peer 0x138008000 (11 bytes)
1749340078.507669 sending message 112 to peer 0x138008000 (11 bytes)
1749340078.507673 sending message 112 to peer 0x138008000 (10 bytes)
1749340078.507677 sending message 112 to peer 0x138008000 (9 bytes)
1749340078.507681 sending message 112 to peer 0x138008000 (9 bytes)
1749340078.507685 sending message 112 to peer 0x138008000 (12 bytes)
1749340078.507690 sending message 112 to peer 0x138008000 (9 bytes)
1749340078.507694 sending message 112 to peer 0x138008000 (6 bytes)
1749340078.507698 sending message 112 to peer 0x138008000 (8 bytes)
1749340078.507702 sending message 112 to peer 0x138008000 (15 bytes)
1749340078.507706 sending message 112 to peer 0x138008000 (13 bytes)
1749340078.507711 sending message 112 to peer 0x138008000 (70 bytes)
1749340078.507715 sending message 112 to peer 0x138008000 (69 bytes)
1749340078.507719 sending message 112 to peer 0x138008000 (10 bytes)
1749340078.507723 sending message 112 to peer 0x138008000 (8 bytes)
1749340078.507727 sending message 112 to peer 0x138008000 (15 bytes)
1749340078.507731 sending message 112 to peer 0x138008000 (13 bytes)
1749340078.507736 sending message 112 to peer 0x138008000 (10 bytes)
1749340078.507740 sending message 112 to peer 0x138008000 (10 bytes)
1749340078.507744 sending message 112 to peer 0x138008000 (5 bytes)
1749340078.507748 sending message 112 to peer 0x138008000 (5 bytes)
1749340078.507754 sending message 104 to peer 0x138008000 (0 bytes)
1749340078.507759 sending message 110 to peer 0x138008000 (0 bytes)
1749340078.507763 sending message 107 to peer 0x138008000 (4 bytes)
1749340078.507767 sending message 105 to peer 0x138008000 (14 bytes)
1749340078.507772 sending message 105 to peer 0x138008000 (20 bytes)
1749340078.507776 sending message 105 to peer 0x138008000 (22 bytes)
1749340078.507780 sending message 105 to peer 0x138008000 (24 bytes)
1749340078.507784 sending message 105 to peer 0x138008000 (22 bytes)
1749340078.507788 sending message 105 to peer 0x138008000 (61 bytes)
1749340078.507792 sending message 105 to peer 0x138008000 (24 bytes)
1749340078.507796 sending message 105 to peer 0x138008000 (23 bytes)
1749340078.507801 sending message 105 to peer 0x138008000 (14 bytes)
1749340078.507805 sending message 105 to peer 0x138008000 (15 bytes)
1749340078.507809 sending message 105 to peer 0x138008000 (17 bytes)
1749340078.507813 sending message 105 to peer 0x138008000 (19 bytes)
1749340078.507817 sending message 105 to peer 0x138008000 (27 bytes)
1749340078.507821 sending message 105 to peer 0x138008000 (8 bytes)
1749340078.507826 sending message 105 to peer 0x138008000 (20 bytes)
1749340078.507830 sending message 105 to peer 0x138008000 (32 bytes)
1749340078.507834 sending message 105 to peer 0x138008000 (110 bytes)
1749340078.507839 sending message 105 to peer 0x138008000 (54 bytes)
1749340078.507843 sending message 105 to peer 0x138008000 (56 bytes)
1749340078.507847 sending message 105 to peer 0x138008000 (11 bytes)
1749340078.507852 sending message 105 to peer 0x138008000 (1232 bytes)
1749340078.507856 sending message 105 to peer 0x138008000 (53 bytes)
1749340078.507860 sending message 105 to peer 0x138008000 (24 bytes)
1749340078.507864 sending message 105 to peer 0x138008000 (15 bytes)
1749340078.507869 sending message 105 to peer 0x138008000 (8 bytes)
1749340078.507873 sending message 105 to peer 0x138008000 (66 bytes)
1749340078.507877 sending message 105 to peer 0x138008000 (21 bytes)
1749340078.507881 sending message 105 to peer 0x138008000 (86 bytes)
1749340078.507893 sending message 105 to peer 0x138008000 (44 bytes)
1749340078.507897 sending message 105 to peer 0x138008000 (18 bytes)
1749340078.507901 sending message 105 to peer 0x138008000 (25 bytes)
1749340078.507906 sending message 105 to peer 0x138008000 (60 bytes)
1749340078.507910 sending message 105 to peer 0x138008000 (57 bytes)
1749340078.507914 sending message 105 to peer 0x138008000 (42 bytes)
1749340078.507918 sending message 105 to peer 0x138008000 (13 bytes)
1749340078.507922 sending message 105 to peer 0x138008000 (17 bytes)
1749340078.507926 sending message 105 to peer 0x138008000 (32 bytes)
1749340078.507931 sending message 105 to peer 0x138008000 (14 bytes)
1749340078.507935 sending message 105 to peer 0x138008000 (19 bytes)
1749340078.507939 sending message 105 to peer 0x138008000 (34 bytes)
1749340078.507943 sending message 105 to peer 0x138008000 (43 bytes)
1749340078.507948 sending message 105 to peer 0x138008000 (32 bytes)
1749340078.507952 sending message 105 to peer 0x138008000 (47 bytes)
1749340078.507956 sending message 105 to peer 0x138008000 (46 bytes)
1749340078.507960 sending message 105 to peer 0x138008000 (25 bytes)
1749340078.507965 sending message 106 to peer 0x138008000 (0 bytes)
1749340078.508020 sending message 200 to peer 0x138008000 (4 bytes)
1749340078.508029 client loop enter
1749340078.508236 peer 0x138008000 message 303
1749340078.508256 open write file 2 -
1749340078.508286 sending message 305 to peer 0x138008000 (8 bytes)
1749340078.508303 write check file 2
1749340078.508341 peer 0x138008000 message 304
1749340078.508349 write 58 to file 2
1749340078.508362 peer 0x138008000 message 203
1749340078.508370 file 2 58 bytes left
1749340078.508383 write check file 2
1749340078.508390 client loop exit
