1749340083.895897 client started (38888): version 3.4, socket /private/tmp/tmux-501/default, protocol 8
1749340083.895959 on Darwin 23.4.0 Darwin Kernel Version 23.4.0: Fri Mar 15 00:10:42 PDT 2024; root:xnu-10063.101.17~1/RELEASE_ARM64_T6000
1749340083.895975 using libevent 2.1.12-stable select
1749340083.895987 using utf8proc 2.9.0
1749340083.895995 using ncurses 6.5 20240427
1749340083.896018 flags are 0x18010000
1749340083.896027 socket is /private/tmp/tmux-501/default
1749340083.896040 trying connect
1749340083.896107 add peer 0x148008000: 6 (0x0)
1749340083.898501 sending message 100 to peer 0x148008000 (4 bytes)
1749340083.898524 sending message 111 to peer 0x148008000 (8 bytes)
1749340083.898535 sending message 101 to peer 0x148008000 (15 bytes)
1749340083.898543 sending message 109 to peer 0x148008000 (4 bytes)
1749340083.898550 sending message 102 to peer 0x148008000 (13 bytes)
1749340083.898558 sending message 108 to peer 0x148008000 (49 bytes)
1749340083.898565 sending message 112 to peer 0x148008000 (58 bytes)
1749340083.898572 sending message 112 to peer 0x148008000 (5 bytes)
1749340083.898579 sending message 112 to peer 0x148008000 (5 bytes)
1749340083.898587 sending message 112 to peer 0x148008000 (6 bytes)
1749340083.898593 sending message 112 to peer 0x148008000 (6 bytes)
1749340083.898600 sending message 112 to peer 0x148008000 (11 bytes)
1749340083.898606 sending message 112 to peer 0x148008000 (10 bytes)
1749340083.898612 sending message 112 to peer 0x148008000 (13 bytes)
1749340083.898618 sending message 112 to peer 0x148008000 (14 bytes)
1749340083.898624 sending message 112 to peer 0x148008000 (19 bytes)
1749340083.898629 sending message 112 to peer 0x148008000 (11 bytes)
1749340083.898635 sending message 112 to peer 0x148008000 (10 bytes)
1749340083.898641 sending message 112 to peer 0x148008000 (15 bytes)
1749340083.898647 sending message 112 to peer 0x148008000 (21 bytes)
1749340083.898652 sending message 112 to peer 0x148008000 (13 bytes)
1749340083.898658 sending message 112 to peer 0x148008000 (7 bytes)
1749340083.898664 sending message 112 to peer 0x148008000 (13 bytes)
1749340083.898670 sending message 112 to peer 0x148008000 (7 bytes)
1749340083.898676 sending message 112 to peer 0x148008000 (13 bytes)
1749340083.898681 sending message 112 to peer 0x148008000 (9 bytes)
1749340083.898687 sending message 112 to peer 0x148008000 (21 bytes)
1749340083.898693 sending message 112 to peer 0x148008000 (13 bytes)
1749340083.898699 sending message 112 to peer 0x148008000 (9 bytes)
1749340083.898704 sending message 112 to peer 0x148008000 (16 bytes)
1749340083.898710 sending message 112 to peer 0x148008000 (13 bytes)
1749340083.898716 sending message 112 to peer 0x148008000 (9 bytes)
1749340083.898722 sending message 112 to peer 0x148008000 (9 bytes)
1749340083.898727 sending message 112 to peer 0x148008000 (12 bytes)
1749340083.898733 sending message 112 to peer 0x148008000 (8 bytes)
1749340083.898739 sending message 112 to peer 0x148008000 (8 bytes)
1749340083.898745 sending message 112 to peer 0x148008000 (13 bytes)
1749340083.898751 sending message 112 to peer 0x148008000 (7 bytes)
1749340083.898756 sending message 112 to peer 0x148008000 (7 bytes)
1749340083.898762 sending message 112 to peer 0x148008000 (9 bytes)
1749340083.898768 sending message 112 to peer 0x148008000 (9 bytes)
1749340083.898774 sending message 112 to peer 0x148008000 (15 bytes)
1749340083.898779 sending message 112 to peer 0x148008000 (13 bytes)
1749340083.898785 sending message 112 to peer 0x148008000 (12 bytes)
1749340083.898791 sending message 112 to peer 0x148008000 (8 bytes)
1749340083.898797 sending message 112 to peer 0x148008000 (14 bytes)
1749340083.898803 sending message 112 to peer 0x148008000 (11 bytes)
1749340083.898808 sending message 112 to peer 0x148008000 (9 bytes)
1749340083.898814 sending message 112 to peer 0x148008000 (10 bytes)
1749340083.898820 sending message 112 to peer 0x148008000 (10 bytes)
1749340083.898826 sending message 112 to peer 0x148008000 (10 bytes)
1749340083.898831 sending message 112 to peer 0x148008000 (10 bytes)
1749340083.898853 sending message 112 to peer 0x148008000 (11 bytes)
1749340083.898857 sending message 112 to peer 0x148008000 (12 bytes)
1749340083.898862 sending message 112 to peer 0x148008000 (12 bytes)
1749340083.898866 sending message 112 to peer 0x148008000 (12 bytes)
1749340083.898870 sending message 112 to peer 0x148008000 (12 bytes)
1749340083.898874 sending message 112 to peer 0x148008000 (12 bytes)
1749340083.898878 sending message 112 to peer 0x148008000 (11 bytes)
1749340083.898883 sending message 112 to peer 0x148008000 (11 bytes)
1749340083.898887 sending message 112 to peer 0x148008000 (12 bytes)
1749340083.898891 sending message 112 to peer 0x148008000 (12 bytes)
1749340083.898895 sending message 112 to peer 0x148008000 (12 bytes)
1749340083.898899 sending message 112 to peer 0x148008000 (12 bytes)
1749340083.898903 sending message 112 to peer 0x148008000 (12 bytes)
1749340083.898907 sending message 112 to peer 0x148008000 (9 bytes)
1749340083.898911 sending message 112 to peer 0x148008000 (12 bytes)
1749340083.898915 sending message 112 to peer 0x148008000 (13 bytes)
1749340083.898920 sending message 112 to peer 0x148008000 (13 bytes)
1749340083.898924 sending message 112 to peer 0x148008000 (13 bytes)
1749340083.898928 sending message 112 to peer 0x148008000 (13 bytes)
1749340083.898932 sending message 112 to peer 0x148008000 (13 bytes)
1749340083.898936 sending message 112 to peer 0x148008000 (8 bytes)
1749340083.898940 sending message 112 to peer 0x148008000 (11 bytes)
1749340083.898944 sending message 112 to peer 0x148008000 (11 bytes)
1749340083.898948 sending message 112 to peer 0x148008000 (11 bytes)
1749340083.898952 sending message 112 to peer 0x148008000 (12 bytes)
1749340083.898956 sending message 112 to peer 0x148008000 (12 bytes)
1749340083.898961 sending message 112 to peer 0x148008000 (12 bytes)
1749340083.898965 sending message 112 to peer 0x148008000 (12 bytes)
1749340083.898969 sending message 112 to peer 0x148008000 (13 bytes)
1749340083.898973 sending message 112 to peer 0x148008000 (13 bytes)
1749340083.898977 sending message 112 to peer 0x148008000 (13 bytes)
1749340083.898981 sending message 112 to peer 0x148008000 (8 bytes)
1749340083.898985 sending message 112 to peer 0x148008000 (13 bytes)
1749340083.898989 sending message 112 to peer 0x148008000 (13 bytes)
1749340083.898993 sending message 112 to peer 0x148008000 (13 bytes)
1749340083.898997 sending message 112 to peer 0x148008000 (13 bytes)
1749340083.899001 sending message 112 to peer 0x148008000 (13 bytes)
1749340083.899006 sending message 112 to peer 0x148008000 (12 bytes)
1749340083.899010 sending message 112 to peer 0x148008000 (12 bytes)
1749340083.899014 sending message 112 to peer 0x148008000 (12 bytes)
1749340083.899018 sending message 112 to peer 0x148008000 (12 bytes)
1749340083.899022 sending message 112 to peer 0x148008000 (13 bytes)
1749340083.899026 sending message 112 to peer 0x148008000 (8 bytes)
1749340083.899030 sending message 112 to peer 0x148008000 (13 bytes)
1749340083.899034 sending message 112 to peer 0x148008000 (13 bytes)
1749340083.899038 sending message 112 to peer 0x148008000 (13 bytes)
1749340083.899042 sending message 112 to peer 0x148008000 (13 bytes)
1749340083.899046 sending message 112 to peer 0x148008000 (13 bytes)
1749340083.899050 sending message 112 to peer 0x148008000 (13 bytes)
1749340083.899054 sending message 112 to peer 0x148008000 (13 bytes)
1749340083.899058 sending message 112 to peer 0x148008000 (12 bytes)
1749340083.899063 sending message 112 to peer 0x148008000 (12 bytes)
1749340083.899067 sending message 112 to peer 0x148008000 (12 bytes)
1749340083.899071 sending message 112 to peer 0x148008000 (8 bytes)
1749340083.899075 sending message 112 to peer 0x148008000 (12 bytes)
1749340083.899079 sending message 112 to peer 0x148008000 (13 bytes)
1749340083.899083 sending message 112 to peer 0x148008000 (13 bytes)
1749340083.899087 sending message 112 to peer 0x148008000 (13 bytes)
1749340083.899092 sending message 112 to peer 0x148008000 (13 bytes)
1749340083.899096 sending message 112 to peer 0x148008000 (13 bytes)
1749340083.899107 sending message 112 to peer 0x148008000 (13 bytes)
1749340083.899111 sending message 112 to peer 0x148008000 (13 bytes)
1749340083.899115 sending message 112 to peer 0x148008000 (13 bytes)
1749340083.899120 sending message 112 to peer 0x148008000 (12 bytes)
1749340083.899124 sending message 112 to peer 0x148008000 (10 bytes)
1749340083.899128 sending message 112 to peer 0x148008000 (12 bytes)
1749340083.899132 sending message 112 to peer 0x148008000 (12 bytes)
1749340083.899136 sending message 112 to peer 0x148008000 (12 bytes)
1749340083.899140 sending message 112 to peer 0x148008000 (13 bytes)
1749340083.899144 sending message 112 to peer 0x148008000 (13 bytes)
1749340083.899148 sending message 112 to peer 0x148008000 (13 bytes)
1749340083.899152 sending message 112 to peer 0x148008000 (13 bytes)
1749340083.899156 sending message 112 to peer 0x148008000 (13 bytes)
1749340083.899160 sending message 112 to peer 0x148008000 (13 bytes)
1749340083.899164 sending message 112 to peer 0x148008000 (13 bytes)
1749340083.899169 sending message 112 to peer 0x148008000 (10 bytes)
1749340083.899173 sending message 112 to peer 0x148008000 (13 bytes)
1749340083.899177 sending message 112 to peer 0x148008000 (12 bytes)
1749340083.899181 sending message 112 to peer 0x148008000 (12 bytes)
1749340083.899185 sending message 112 to peer 0x148008000 (12 bytes)
1749340083.899189 sending message 112 to peer 0x148008000 (10 bytes)
1749340083.899193 sending message 112 to peer 0x148008000 (10 bytes)
1749340083.899197 sending message 112 to peer 0x148008000 (10 bytes)
1749340083.899201 sending message 112 to peer 0x148008000 (12 bytes)
1749340083.899205 sending message 112 to peer 0x148008000 (13 bytes)
1749340083.899209 sending message 112 to peer 0x148008000 (13 bytes)
1749340083.899214 sending message 112 to peer 0x148008000 (13 bytes)
1749340083.899218 sending message 112 to peer 0x148008000 (13 bytes)
1749340083.899222 sending message 112 to peer 0x148008000 (13 bytes)
1749340083.899226 sending message 112 to peer 0x148008000 (10 bytes)
1749340083.899230 sending message 112 to peer 0x148008000 (11 bytes)
1749340083.899234 sending message 112 to peer 0x148008000 (12 bytes)
1749340083.899238 sending message 112 to peer 0x148008000 (12 bytes)
1749340083.899242 sending message 112 to peer 0x148008000 (12 bytes)
1749340083.899246 sending message 112 to peer 0x148008000 (12 bytes)
1749340083.899250 sending message 112 to peer 0x148008000 (12 bytes)
1749340083.899254 sending message 112 to peer 0x148008000 (11 bytes)
1749340083.899258 sending message 112 to peer 0x148008000 (12 bytes)
1749340083.899262 sending message 112 to peer 0x148008000 (12 bytes)
1749340083.899266 sending message 112 to peer 0x148008000 (13 bytes)
1749340083.899271 sending message 112 to peer 0x148008000 (13 bytes)
1749340083.899275 sending message 112 to peer 0x148008000 (13 bytes)
1749340083.899279 sending message 112 to peer 0x148008000 (13 bytes)
1749340083.899283 sending message 112 to peer 0x148008000 (13 bytes)
1749340083.899287 sending message 112 to peer 0x148008000 (10 bytes)
1749340083.899291 sending message 112 to peer 0x148008000 (9 bytes)
1749340083.899295 sending message 112 to peer 0x148008000 (12 bytes)
1749340083.899299 sending message 112 to peer 0x148008000 (13 bytes)
1749340083.899303 sending message 112 to peer 0x148008000 (13 bytes)
1749340083.899307 sending message 112 to peer 0x148008000 (13 bytes)
1749340083.899311 sending message 112 to peer 0x148008000 (13 bytes)
1749340083.899316 sending message 112 to peer 0x148008000 (13 bytes)
1749340083.899320 sending message 112 to peer 0x148008000 (9 bytes)
1749340083.899324 sending message 112 to peer 0x148008000 (12 bytes)
1749340083.899328 sending message 112 to peer 0x148008000 (13 bytes)
1749340083.899332 sending message 112 to peer 0x148008000 (13 bytes)
1749340083.899336 sending message 112 to peer 0x148008000 (13 bytes)
1749340083.899340 sending message 112 to peer 0x148008000 (13 bytes)
1749340083.899344 sending message 112 to peer 0x148008000 (13 bytes)
1749340083.899354 sending message 112 to peer 0x148008000 (11 bytes)
1749340083.899359 sending message 112 to peer 0x148008000 (12 bytes)
1749340083.899363 sending message 112 to peer 0x148008000 (13 bytes)
1749340083.899367 sending message 112 to peer 0x148008000 (13 bytes)
1749340083.899371 sending message 112 to peer 0x148008000 (13 bytes)
1749340083.899375 sending message 112 to peer 0x148008000 (13 bytes)
1749340083.899379 sending message 112 to peer 0x148008000 (13 bytes)
1749340083.899383 sending message 112 to peer 0x148008000 (11 bytes)
1749340083.899388 sending message 112 to peer 0x148008000 (12 bytes)
1749340083.899392 sending message 112 to peer 0x148008000 (12 bytes)
1749340083.899396 sending message 112 to peer 0x148008000 (12 bytes)
1749340083.899400 sending message 112 to peer 0x148008000 (12 bytes)
1749340083.899404 sending message 112 to peer 0x148008000 (12 bytes)
1749340083.899408 sending message 112 to peer 0x148008000 (21 bytes)
1749340083.899412 sending message 112 to peer 0x148008000 (12 bytes)
1749340083.899416 sending message 112 to peer 0x148008000 (9 bytes)
1749340083.899420 sending message 112 to peer 0x148008000 (6 bytes)
1749340083.899425 sending message 112 to peer 0x148008000 (13 bytes)
1749340083.899429 sending message 112 to peer 0x148008000 (10 bytes)
1749340083.899433 sending message 112 to peer 0x148008000 (15 bytes)
1749340083.899437 sending message 112 to peer 0x148008000 (13 bytes)
1749340083.899441 sending message 112 to peer 0x148008000 (9 bytes)
1749340083.899445 sending message 112 to peer 0x148008000 (70 bytes)
1749340083.899449 sending message 112 to peer 0x148008000 (69 bytes)
1749340083.899453 sending message 112 to peer 0x148008000 (73 bytes)
1749340083.899458 sending message 112 to peer 0x148008000 (12 bytes)
1749340083.899462 sending message 112 to peer 0x148008000 (10 bytes)
1749340083.899466 sending message 112 to peer 0x148008000 (10 bytes)
1749340083.899470 sending message 112 to peer 0x148008000 (15 bytes)
1749340083.899474 sending message 112 to peer 0x148008000 (13 bytes)
1749340083.899478 sending message 112 to peer 0x148008000 (10 bytes)
1749340083.899482 sending message 112 to peer 0x148008000 (10 bytes)
1749340083.899486 sending message 112 to peer 0x148008000 (17 bytes)
1749340083.899490 sending message 112 to peer 0x148008000 (10 bytes)
1749340083.899494 sending message 112 to peer 0x148008000 (13 bytes)
1749340083.899498 sending message 112 to peer 0x148008000 (15 bytes)
1749340083.899503 sending message 112 to peer 0x148008000 (5 bytes)
1749340083.899508 sending message 104 to peer 0x148008000 (0 bytes)
1749340083.899513 sending message 110 to peer 0x148008000 (0 bytes)
1749340083.899517 sending message 107 to peer 0x148008000 (4 bytes)
1749340083.899521 sending message 105 to peer 0x148008000 (60 bytes)
1749340083.899526 sending message 105 to peer 0x148008000 (66 bytes)
1749340083.899530 sending message 105 to peer 0x148008000 (27 bytes)
1749340083.899534 sending message 105 to peer 0x148008000 (14 bytes)
1749340083.899538 sending message 105 to peer 0x148008000 (22 bytes)
1749340083.899543 sending message 105 to peer 0x148008000 (14 bytes)
1749340083.899547 sending message 105 to peer 0x148008000 (17 bytes)
1749340083.899551 sending message 105 to peer 0x148008000 (53 bytes)
1749340083.899555 sending message 105 to peer 0x148008000 (15 bytes)
1749340083.899559 sending message 105 to peer 0x148008000 (43 bytes)
1749340083.899563 sending message 105 to peer 0x148008000 (24 bytes)
1749340083.899567 sending message 105 to peer 0x148008000 (44 bytes)
1749340083.899571 sending message 105 to peer 0x148008000 (28 bytes)
1749340083.899576 sending message 105 to peer 0x148008000 (23 bytes)
1749340083.899580 sending message 105 to peer 0x148008000 (850 bytes)
1749340083.899584 sending message 105 to peer 0x148008000 (19 bytes)
1749340083.899589 sending message 105 to peer 0x148008000 (20 bytes)
1749340083.899593 sending message 105 to peer 0x148008000 (22 bytes)
1749340083.899597 sending message 105 to peer 0x148008000 (20 bytes)
1749340083.899615 sending message 105 to peer 0x148008000 (86 bytes)
1749340083.899619 sending message 105 to peer 0x148008000 (24 bytes)
1749340083.899623 sending message 105 to peer 0x148008000 (57 bytes)
1749340083.899627 sending message 105 to peer 0x148008000 (17 bytes)
1749340083.899632 sending message 105 to peer 0x148008000 (19 bytes)
1749340083.899636 sending message 105 to peer 0x148008000 (20 bytes)
1749340083.899640 sending message 105 to peer 0x148008000 (54 bytes)
1749340083.899644 sending message 105 to peer 0x148008000 (32 bytes)
1749340083.899648 sending message 105 to peer 0x148008000 (61 bytes)
1749340083.899652 sending message 105 to peer 0x148008000 (8 bytes)
1749340083.899656 sending message 105 to peer 0x148008000 (26 bytes)
1749340083.899661 sending message 105 to peer 0x148008000 (34 bytes)
1749340083.899665 sending message 105 to peer 0x148008000 (11 bytes)
1749340083.899669 sending message 105 to peer 0x148008000 (8 bytes)
1749340083.899673 sending message 105 to peer 0x148008000 (32 bytes)
1749340083.899677 sending message 105 to peer 0x148008000 (110 bytes)
1749340083.899681 sending message 105 to peer 0x148008000 (15 bytes)
1749340083.899685 sending message 105 to peer 0x148008000 (14 bytes)
1749340083.899689 sending message 105 to peer 0x148008000 (47 bytes)
1749340083.899694 sending message 105 to peer 0x148008000 (24 bytes)
1749340083.899698 sending message 105 to peer 0x148008000 (46 bytes)
1749340083.899708 sending message 105 to peer 0x148008000 (23 bytes)
1749340083.899712 sending message 105 to peer 0x148008000 (32 bytes)
1749340083.899716 sending message 105 to peer 0x148008000 (25 bytes)
1749340083.899720 sending message 106 to peer 0x148008000 (0 bytes)
1749340083.899796 sending message 200 to peer 0x148008000 (4 bytes)
1749340083.899802 client loop enter
1749340083.904617 peer 0x148008000 message 207
1749340083.904636 sending message 208 to peer 0x148008000 (0 bytes)
1749340090.090093 peer 0x148008000 message 203
1749340090.090140 sending message 205 to peer 0x148008000 (0 bytes)
1749340090.090716 peer 0x148008000 message 204
1749340090.090735 client loop exit
