1749339550.603128 client started (37681): version 3.4, socket /private/tmp/tmux-501/default, protocol 8
1749339550.603166 on Darwin 23.4.0 Darwin Kernel Version 23.4.0: Fri Mar 15 00:10:42 PDT 2024; root:xnu-10063.101.17~1/RELEASE_ARM64_T6000
1749339550.603174 using libevent 2.1.12-stable select
1749339550.603362 using utf8proc 2.9.0
1749339550.603368 using ncurses 6.5 20240427
1749339550.603378 flags are 0x10010000
1749339550.603382 socket is /private/tmp/tmux-501/default
1749339550.603390 trying connect
1749339550.603421 add peer 0x158048000: 6 (0x0)
1749339550.605190 sending message 100 to peer 0x158048000 (4 bytes)
1749339550.605199 sending message 111 to peer 0x158048000 (8 bytes)
1749339550.605202 sending message 101 to peer 0x158048000 (16 bytes)
1749339550.605205 sending message 109 to peer 0x158048000 (4 bytes)
1749339550.605208 sending message 102 to peer 0x158048000 (13 bytes)
1749339550.605211 sending message 108 to peer 0x158048000 (49 bytes)
1749339550.605214 sending message 112 to peer 0x158048000 (70 bytes)
1749339550.605217 sending message 112 to peer 0x158048000 (5 bytes)
1749339550.605220 sending message 112 to peer 0x158048000 (5 bytes)
1749339550.605223 sending message 112 to peer 0x158048000 (6 bytes)
1749339550.605226 sending message 112 to peer 0x158048000 (6 bytes)
1749339550.605229 sending message 112 to peer 0x158048000 (11 bytes)
1749339550.605232 sending message 112 to peer 0x158048000 (10 bytes)
1749339550.605235 sending message 112 to peer 0x158048000 (13 bytes)
1749339550.605238 sending message 112 to peer 0x158048000 (13 bytes)
1749339550.605241 sending message 112 to peer 0x158048000 (18 bytes)
1749339550.605244 sending message 112 to peer 0x158048000 (11 bytes)
1749339550.605247 sending message 112 to peer 0x158048000 (21 bytes)
1749339550.605250 sending message 112 to peer 0x158048000 (13 bytes)
1749339550.605252 sending message 112 to peer 0x158048000 (7 bytes)
1749339550.605255 sending message 112 to peer 0x158048000 (13 bytes)
1749339550.605258 sending message 112 to peer 0x158048000 (7 bytes)
1749339550.605261 sending message 112 to peer 0x158048000 (13 bytes)
1749339550.605264 sending message 112 to peer 0x158048000 (9 bytes)
1749339550.605267 sending message 112 to peer 0x158048000 (21 bytes)
1749339550.605270 sending message 112 to peer 0x158048000 (13 bytes)
1749339550.605273 sending message 112 to peer 0x158048000 (8 bytes)
1749339550.605276 sending message 112 to peer 0x158048000 (12 bytes)
1749339550.605278 sending message 112 to peer 0x158048000 (13 bytes)
1749339550.605281 sending message 112 to peer 0x158048000 (9 bytes)
1749339550.605284 sending message 112 to peer 0x158048000 (9 bytes)
1749339550.605287 sending message 112 to peer 0x158048000 (12 bytes)
1749339550.605290 sending message 112 to peer 0x158048000 (8 bytes)
1749339550.605293 sending message 112 to peer 0x158048000 (7 bytes)
1749339550.605296 sending message 112 to peer 0x158048000 (7 bytes)
1749339550.605299 sending message 112 to peer 0x158048000 (9 bytes)
1749339550.605302 sending message 112 to peer 0x158048000 (13 bytes)
1749339550.605305 sending message 112 to peer 0x158048000 (9 bytes)
1749339550.605308 sending message 112 to peer 0x158048000 (13 bytes)
1749339550.605311 sending message 112 to peer 0x158048000 (12 bytes)
1749339550.605314 sending message 112 to peer 0x158048000 (8 bytes)
1749339550.605316 sending message 112 to peer 0x158048000 (9 bytes)
1749339550.605319 sending message 112 to peer 0x158048000 (10 bytes)
1749339550.605322 sending message 112 to peer 0x158048000 (10 bytes)
1749339550.605325 sending message 112 to peer 0x158048000 (10 bytes)
1749339550.605328 sending message 112 to peer 0x158048000 (10 bytes)
1749339550.605331 sending message 112 to peer 0x158048000 (11 bytes)
1749339550.605334 sending message 112 to peer 0x158048000 (10 bytes)
1749339550.605337 sending message 112 to peer 0x158048000 (8 bytes)
1749339550.605340 sending message 112 to peer 0x158048000 (11 bytes)
1749339550.605343 sending message 112 to peer 0x158048000 (11 bytes)
1749339550.605345 sending message 112 to peer 0x158048000 (11 bytes)
1749339550.605355 sending message 112 to peer 0x158048000 (8 bytes)
1749339550.605357 sending message 112 to peer 0x158048000 (8 bytes)
1749339550.605359 sending message 112 to peer 0x158048000 (8 bytes)
1749339550.605361 sending message 112 to peer 0x158048000 (10 bytes)
1749339550.605363 sending message 112 to peer 0x158048000 (10 bytes)
1749339550.605365 sending message 112 to peer 0x158048000 (10 bytes)
1749339550.605367 sending message 112 to peer 0x158048000 (10 bytes)
1749339550.605369 sending message 112 to peer 0x158048000 (10 bytes)
1749339550.605371 sending message 112 to peer 0x158048000 (11 bytes)
1749339550.605373 sending message 112 to peer 0x158048000 (11 bytes)
1749339550.605375 sending message 112 to peer 0x158048000 (10 bytes)
1749339550.605377 sending message 112 to peer 0x158048000 (9 bytes)
1749339550.605379 sending message 112 to peer 0x158048000 (9 bytes)
1749339550.605381 sending message 112 to peer 0x158048000 (12 bytes)
1749339550.605383 sending message 112 to peer 0x158048000 (9 bytes)
1749339550.605385 sending message 112 to peer 0x158048000 (6 bytes)
1749339550.605387 sending message 112 to peer 0x158048000 (8 bytes)
1749339550.605389 sending message 112 to peer 0x158048000 (15 bytes)
1749339550.605391 sending message 112 to peer 0x158048000 (13 bytes)
1749339550.605393 sending message 112 to peer 0x158048000 (70 bytes)
1749339550.605395 sending message 112 to peer 0x158048000 (69 bytes)
1749339550.605398 sending message 112 to peer 0x158048000 (10 bytes)
1749339550.605400 sending message 112 to peer 0x158048000 (8 bytes)
1749339550.605402 sending message 112 to peer 0x158048000 (15 bytes)
1749339550.605404 sending message 112 to peer 0x158048000 (13 bytes)
1749339550.605406 sending message 112 to peer 0x158048000 (10 bytes)
1749339550.605408 sending message 112 to peer 0x158048000 (10 bytes)
1749339550.605410 sending message 112 to peer 0x158048000 (5 bytes)
1749339550.605412 sending message 112 to peer 0x158048000 (5 bytes)
1749339550.605417 sending message 104 to peer 0x158048000 (0 bytes)
1749339550.605420 sending message 110 to peer 0x158048000 (0 bytes)
1749339550.605422 sending message 107 to peer 0x158048000 (4 bytes)
1749339550.605424 sending message 105 to peer 0x158048000 (14 bytes)
1749339550.605426 sending message 105 to peer 0x158048000 (20 bytes)
1749339550.605428 sending message 105 to peer 0x158048000 (22 bytes)
1749339550.605430 sending message 105 to peer 0x158048000 (24 bytes)
1749339550.605432 sending message 105 to peer 0x158048000 (22 bytes)
1749339550.605434 sending message 105 to peer 0x158048000 (61 bytes)
1749339550.605436 sending message 105 to peer 0x158048000 (24 bytes)
1749339550.605438 sending message 105 to peer 0x158048000 (23 bytes)
1749339550.605440 sending message 105 to peer 0x158048000 (14 bytes)
1749339550.605442 sending message 105 to peer 0x158048000 (15 bytes)
1749339550.605444 sending message 105 to peer 0x158048000 (17 bytes)
1749339550.605446 sending message 105 to peer 0x158048000 (19 bytes)
1749339550.605448 sending message 105 to peer 0x158048000 (27 bytes)
1749339550.605450 sending message 105 to peer 0x158048000 (8 bytes)
1749339550.605452 sending message 105 to peer 0x158048000 (20 bytes)
1749339550.605454 sending message 105 to peer 0x158048000 (32 bytes)
1749339550.605456 sending message 105 to peer 0x158048000 (110 bytes)
1749339550.605459 sending message 105 to peer 0x158048000 (54 bytes)
1749339550.605461 sending message 105 to peer 0x158048000 (26 bytes)
1749339550.605463 sending message 105 to peer 0x158048000 (11 bytes)
1749339550.605465 sending message 105 to peer 0x158048000 (1232 bytes)
1749339550.605467 sending message 105 to peer 0x158048000 (53 bytes)
1749339550.605469 sending message 105 to peer 0x158048000 (24 bytes)
1749339550.605471 sending message 105 to peer 0x158048000 (15 bytes)
1749339550.605473 sending message 105 to peer 0x158048000 (8 bytes)
1749339550.605475 sending message 105 to peer 0x158048000 (66 bytes)
1749339550.605477 sending message 105 to peer 0x158048000 (21 bytes)
1749339550.605479 sending message 105 to peer 0x158048000 (86 bytes)
1749339550.605485 sending message 105 to peer 0x158048000 (44 bytes)
1749339550.605487 sending message 105 to peer 0x158048000 (18 bytes)
1749339550.605489 sending message 105 to peer 0x158048000 (25 bytes)
1749339550.605491 sending message 105 to peer 0x158048000 (60 bytes)
1749339550.605493 sending message 105 to peer 0x158048000 (57 bytes)
1749339550.605495 sending message 105 to peer 0x158048000 (42 bytes)
1749339550.605497 sending message 105 to peer 0x158048000 (13 bytes)
1749339550.605499 sending message 105 to peer 0x158048000 (17 bytes)
1749339550.605502 sending message 105 to peer 0x158048000 (32 bytes)
1749339550.605504 sending message 105 to peer 0x158048000 (14 bytes)
1749339550.605506 sending message 105 to peer 0x158048000 (19 bytes)
1749339550.605508 sending message 105 to peer 0x158048000 (34 bytes)
1749339550.605510 sending message 105 to peer 0x158048000 (43 bytes)
1749339550.605512 sending message 105 to peer 0x158048000 (32 bytes)
1749339550.605514 sending message 105 to peer 0x158048000 (47 bytes)
1749339550.605516 sending message 105 to peer 0x158048000 (46 bytes)
1749339550.605518 sending message 105 to peer 0x158048000 (25 bytes)
1749339550.605520 sending message 106 to peer 0x158048000 (0 bytes)
1749339550.605557 sending message 200 to peer 0x158048000 (4 bytes)
1749339550.605560 client loop enter
1749339550.605699 peer 0x158048000 message 303
1749339550.605702 open write file 2 -
1749339550.605709 sending message 305 to peer 0x158048000 (8 bytes)
1749339550.605716 write check file 2
1749339550.605729 peer 0x158048000 message 304
1749339550.605731 write 58 to file 2
1749339550.605736 peer 0x158048000 message 203
1749339550.605738 file 2 58 bytes left
1749339550.605745 write check file 2
1749339550.605748 client loop exit
